<?xml version="1.0" encoding="UTF-8"?>
<testng-results skipped="0" failed="0" total="1" passed="1">
  <reporter-output>
  </reporter-output>
  <suite name="Default suite" duration-ms="24039" started-at="2018-09-09T04:25:50Z" finished-at="2018-09-09T04:26:14Z">
    <groups>
    </groups>
    <test name="Default test" duration-ms="24039" started-at="2018-09-09T04:25:50Z" finished-at="2018-09-09T04:26:14Z">
      <class name="listeners.TC_001">
        <test-method status="PASS" signature="startReport()[pri:0, instance:listeners.TC_001@71c7db30]" name="startReport" is-config="true" duration-ms="640" started-at="2018-09-09T09:55:49Z" finished-at="2018-09-09T09:55:50Z">
          <reporter-output>
          </reporter-output>
        </test-method> <!-- startReport -->
        <test-method status="PASS" signature="startBrowser()[pri:0, instance:listeners.TC_001@71c7db30]" name="startBrowser" is-config="true" duration-ms="14428" started-at="2018-09-09T09:55:50Z" finished-at="2018-09-09T09:56:04Z">
          <reporter-output>
          </reporter-output>
        </test-method> <!-- startBrowser -->
        <test-method status="PASS" signature="tc_001()[pri:0, instance:listeners.TC_001@71c7db30]" name="tc_001" duration-ms="8831" started-at="2018-09-09T09:56:04Z" finished-at="2018-09-09T09:56:13Z">
          <reporter-output>
          </reporter-output>
        </test-method> <!-- tc_001 -->
        <test-method status="PASS" signature="closeBrowser()[pri:0, instance:listeners.TC_001@71c7db30]" name="closeBrowser" is-config="true" duration-ms="745" started-at="2018-09-09T09:56:13Z" finished-at="2018-09-09T09:56:14Z">
          <reporter-output>
          </reporter-output>
        </test-method> <!-- closeBrowser -->
        <test-method status="PASS" signature="saveReport()[pri:0, instance:listeners.TC_001@71c7db30]" name="saveReport" is-config="true" duration-ms="1413" started-at="2018-09-09T09:56:14Z" finished-at="2018-09-09T09:56:15Z">
          <reporter-output>
          </reporter-output>
        </test-method> <!-- saveReport -->
      </class> <!-- listeners.TC_001 -->
    </test> <!-- Default test -->
  </suite> <!-- Default suite -->
</testng-results>
